<?xml version="1.0" encoding="UTF-8"?>
<!-- Generated by org.testng.reporters.JUnitReportReporter -->
<testsuite hostname="DESKTOP-OQCH81E" failures="0" tests="2" name="myAccount_Test.registerLoginToMyAccount_Test" time="0.110" errors="0" timestamp="2024-10-20T13:45:24 IST" skipped="0">
  <testcase classname="myAccount_Test.registerLoginToMyAccount_Test" name="register" time="0.108"/>
  <testcase classname="myAccount_Test.registerLoginToMyAccount_Test" name="login" time="0.002"/>
</testsuite> <!-- myAccount_Test.registerLoginToMyAccount_Test -->
