<?xml version="1.0" encoding="UTF-8"?>
<!-- Generated by org.testng.reporters.JUnitReportReporter -->
<testsuite hostname="DESKTOP-OQCH81E" failures="0" tests="1" name="myAccount_Test.registerToMyAccount_Test" time="0.008" errors="0" timestamp="2024-10-20T11:42:10 IST" skipped="0">
  <testcase classname="myAccount_Test.registerToMyAccount_Test" name="test1" time="0.008"/>
</testsuite> <!-- myAccount_Test.registerToMyAccount_Test -->
